{
  "stats": {
    "suites": 1,
    "tests": 2,
    "passes": 1,
    "pending": 0,
    "failures": 1,
    "start": "2024-07-03T07:49:49.528Z",
    "end": "2024-07-03T07:50:05.218Z",
    "duration": 15690,
    "testsRegistered": 2,
    "passPercent": 50,
    "pendingPercent": 0,
    "other": 0,
    "hasOther": false,
    "skipped": 0,
    "hasSkipped": false
  },
  "results": [
    {
      "uuid": "f9a0e085-2688-4a14-99c8-90063ed62a7f",
      "title": "",
      "fullFile": "cypress\\e2e\\testscript.spec.cy.js",
      "file": "cypress\\e2e\\testscript.spec.cy.js",
      "beforeHooks": [],
      "afterHooks": [],
      "tests": [],
      "suites": [
        {
          "uuid": "386bc6ae-26fc-45b2-9c54-921954fab93c",
          "title": "Demo Web Shop",
          "fullFile": "",
          "file": "",
          "beforeHooks": [],
          "afterHooks": [],
          "tests": [
            {
              "title": "Happy flow",
              "fullTitle": "Demo Web Shop Happy flow",
              "timedOut": null,
              "duration": 10293,
              "state": "passed",
              "speed": "slow",
              "pass": true,
              "fail": false,
              "pending": false,
              "context": null,
              "code": "productBrowserAndSearching.searchItemAddTOCart();\nbillingPage.enterBillingDetails();",
              "err": {},
              "uuid": "b89fad4e-d508-4d6d-af31-76927b6f9dc7",
              "parentUUID": "386bc6ae-26fc-45b2-9c54-921954fab93c",
              "isHook": false,
              "skipped": false
            },
            {
              "title": "Non-happy flow",
              "fullTitle": "Demo Web Shop Non-happy flow",
              "timedOut": null,
              "duration": 2293,
              "state": "failed",
              "speed": null,
              "pass": false,
              "fail": true,
              "pending": false,
              "context": null,
              "code": "productBrowserAndSearching.searchNonExistProduct();",
              "err": {
                "message": "CypressError: `cy.contains()` can only accept a string, number or regular expression.\n\nhttps://on.cypress.io/contains",
                "estack": "CypressError: `cy.contains()` can only accept a string, number or regular expression.\n\nhttps://on.cypress.io/contains\n    at $Command.contains (https://demowebshop.tricentis.com/__cypress/runner/cypress_runner.js:131937:68)\n    at cyFn (https://demowebshop.tricentis.com/__cypress/runner/cypress_runner.js:138103:19)\nFrom Your Spec Code:\n    at ProductBrowserAndSearching.searchNonExistProduct (webpack://new_auomation/./cypress/pages/productBrowserAndSearching.js:92:46)\n    at Context.eval (webpack://new_auomation/./cypress/e2e/testscript.spec.cy.js:18:35)",
                "diff": null
              },
              "uuid": "7eeb27bf-a1d0-46ee-9a36-dbaba7912018",
              "parentUUID": "386bc6ae-26fc-45b2-9c54-921954fab93c",
              "isHook": false,
              "skipped": false
            }
          ],
          "suites": [],
          "passes": [
            "b89fad4e-d508-4d6d-af31-76927b6f9dc7"
          ],
          "failures": [
            "7eeb27bf-a1d0-46ee-9a36-dbaba7912018"
          ],
          "pending": [],
          "skipped": [],
          "duration": 12586,
          "root": false,
          "rootEmpty": false,
          "_timeout": 2000
        }
      ],
      "passes": [],
      "failures": [],
      "pending": [],
      "skipped": [],
      "duration": 0,
      "root": true,
      "rootEmpty": true,
      "_timeout": 2000
    }
  ],
  "meta": {
    "mocha": {
      "version": "7.0.1"
    },
    "mochawesome": {
      "options": {
        "quiet": false,
        "reportFilename": "mochawesome",
        "saveHtml": true,
        "saveJson": true,
        "consoleReporter": "spec",
        "useInlineDiffs": false,
        "code": true
      },
      "version": "7.1.3"
    },
    "marge": {
      "options": null,
      "version": "6.2.0"
    }
  }
}